<?xml version="1.0" encoding="UTF-8"?>
<!-- Generated by org.testng.reporters.JUnitXMLReporter -->
<testsuite ignored="0" hostname="LAPTOP-9E66PN5I" failures="0" tests="8" name="Default test" time="62.228" errors="0" timestamp="2025-03-26T12:52:45 IST">
  <testcase classname="tests.Shopping" name="user_searches_for_women_s_hoodies_and_sweatshirts" time="5.46"/>
  <testcase classname="tests.Shopping" name="user_adds_products_to_cart" time="19.533"/>
  <testcase classname="tests.Shopping" name="user_views_and_edits_cart" time="3.619"/>
  <testcase classname="tests.Shopping" name="user_removes_product_from_cart" time="3.387"/>
  <testcase classname="tests.Shopping" name="user_proceeds_to_checkout" time="3.935"/>
  <testcase classname="tests.Shopping" name="user_enters_shipping_details" time="2.701"/>
  <testcase classname="tests.Shopping" name="user_places_the_order" time="6.965"/>
  <testcase classname="tests.Shopping" name="user_logs_out" time="1.552"/>
</testsuite> <!-- Default test -->
